Arguments: 
  C:\Program Files\nodejs\node.exe D:\yarn\bin\yarn.js dev

PATH: 
  C:\Program Files (x86)\NetSarang\Xshell 6\;C:\WINDOWS\system32;C:\WINDOWS;C:\WINDOWS\System32\Wbem;C:\WINDOWS\System32\WindowsPowerShell\v1.0\;C:\WINDOWS\System32\OpenSSH\;C:\Program Files\Java\jdk1.8.0_251\bin;C:\setup\apache-maven-3.6.3-bin\apache-maven-3.6.3\bin;D:\yarn\bin\;C:\Program Files\TortoiseGit\bin;C:\Program Files\Git\cmd;C:\Users\qitao\AppData\Roaming\nvm;C:\Program Files\nodejs;C:\Program Files\dotnet\;C:\Users\qitao\AppData\Local\Microsoft\WindowsApps;D:\Microsoft VS Code\bin;C:\Users\qitao\AppData\Local\Yarn\bin;C:\Users\qitao\AppData\Roaming\npm;C:\Users\qitao\AppData\Roaming\nvm;C:\Program Files\nodejs;C:\Program Files\JetBrains\WebStorm 2022.1.2\bin;

Yarn version: 
  1.22.4

Node version: 
  14.19.0

Platform: 
  win32 x64

Trace: 
  SyntaxError: E:\myself\manual\package.json: Unexpected token } in JSON at position 339
      at JSON.parse (<anonymous>)
      at D:\yarn\lib\cli.js:1625:59
      at Generator.next (<anonymous>)
      at step (D:\yarn\lib\cli.js:310:30)
      at D:\yarn\lib\cli.js:321:13

npm manifest: 
  {
    "devDependencies": {
      "@vuepress/client": "^2.0.0-beta.51",
      "@vuepress/plugin-search": "^2.0.0-beta.51",
      "@vuepress/shared-utils": "^1.9.7",
      "markdown-it-anchor": "^8.6.4",
      "vue": "^3.2.38",
      "vuepress": "^2.0.0-beta.51"
    },
    "scripts": {
      "dev": "vuepress dev docs",
      "build": "vuepress build docs"
    },
  }

yarn manifest: 
  No manifest

Lockfile: 
  No lockfile
